This file contains any messages produced by compilers while
running configure, to aid debugging if configure makes a mistake.

It was created by apertium-tolk configure 0.2, which was
generated by GNU Autoconf 2.61.  Invocation command line was

  $ ./configure 

## --------- ##
## Platform. ##
## --------- ##

hostname = tachyons-desktop
uname -m = i686
uname -r = 3.2.0-23-generic-pae
uname -s = Linux
uname -v = #36-Ubuntu SMP Tue Apr 10 22:19:09 UTC 2012

/usr/bin/uname -p = unknown
/bin/uname -X     = unknown

/bin/arch              = unknown
/usr/bin/arch -k       = unknown
/usr/convex/getsysinfo = unknown
/usr/bin/hostinfo      = unknown
/bin/machine           = unknown
/usr/bin/oslevel       = unknown
/bin/universe          = unknown

PATH: /usr/lib/lightdm/lightdm
PATH: /usr/local/sbin
PATH: /usr/local/bin
PATH: /usr/sbin
PATH: /usr/bin
PATH: /sbin
PATH: /bin
PATH: /usr/games
PATH: /home/tachyons/.rvm/bin


## ----------- ##
## Core tests. ##
## ----------- ##

configure:1869: checking for a BSD-compatible install
configure:1925: result: /usr/bin/install -c
configure:1936: checking whether build environment is sane
configure:1979: result: yes
configure:2044: checking for gawk
configure:2060: found /usr/bin/gawk
configure:2071: result: gawk
configure:2082: checking whether make sets $(MAKE)
configure:2103: result: yes
configure:2279: checking whether to enable maintainer-specific portions of Makefiles
configure:2288: result: no
configure:2316: checking for style of include used by make
configure:2344: result: GNU
configure:2417: checking for gcc
configure:2433: found /usr/bin/gcc
configure:2444: result: gcc
configure:2682: checking for C compiler version
configure:2689: gcc --version >&5
gcc (Ubuntu/Linaro 4.6.3-1ubuntu5) 4.6.3
Copyright (C) 2011 Free Software Foundation, Inc.
This is free software; see the source for copying conditions.  There is NO
warranty; not even for MERCHANTABILITY or FITNESS FOR A PARTICULAR PURPOSE.

configure:2692: $? = 0
configure:2699: gcc -v >&5
Using built-in specs.
COLLECT_GCC=gcc
COLLECT_LTO_WRAPPER=/usr/lib/gcc/i686-linux-gnu/4.6/lto-wrapper
Target: i686-linux-gnu
Configured with: ../src/configure -v --with-pkgversion='Ubuntu/Linaro 4.6.3-1ubuntu5' --with-bugurl=file:///usr/share/doc/gcc-4.6/README.Bugs --enable-languages=c,c++,fortran,objc,obj-c++ --prefix=/usr --program-suffix=-4.6 --enable-shared --enable-linker-build-id --with-system-zlib --libexecdir=/usr/lib --without-included-gettext --enable-threads=posix --with-gxx-include-dir=/usr/include/c++/4.6 --libdir=/usr/lib --enable-nls --with-sysroot=/ --enable-clocale=gnu --enable-libstdcxx-debug --enable-libstdcxx-time=yes --enable-gnu-unique-object --enable-plugin --enable-objc-gc --enable-targets=all --disable-werror --with-arch-32=i686 --with-tune=generic --enable-checking=release --build=i686-linux-gnu --host=i686-linux-gnu --target=i686-linux-gnu
Thread model: posix
gcc version 4.6.3 (Ubuntu/Linaro 4.6.3-1ubuntu5) 
configure:2702: $? = 0
configure:2709: gcc -V >&5
gcc: error: unrecognized option '-V'
gcc: fatal error: no input files
compilation terminated.
configure:2712: $? = 4
configure:2735: checking for C compiler default output file name
configure:2762: gcc    conftest.c  >&5
configure:2765: $? = 0
configure:2803: result: a.out
configure:2820: checking whether the C compiler works
configure:2830: ./a.out
configure:2833: $? = 0
configure:2850: result: yes
configure:2857: checking whether we are cross compiling
configure:2859: result: no
configure:2862: checking for suffix of executables
configure:2869: gcc -o conftest    conftest.c  >&5
configure:2872: $? = 0
configure:2896: result: 
configure:2902: checking for suffix of object files
configure:2928: gcc -c   conftest.c >&5
configure:2931: $? = 0
configure:2954: result: o
configure:2958: checking whether we are using the GNU C compiler
configure:2987: gcc -c   conftest.c >&5
configure:2993: $? = 0
configure:3010: result: yes
configure:3015: checking whether gcc accepts -g
configure:3045: gcc -c -g  conftest.c >&5
configure:3051: $? = 0
configure:3150: result: yes
configure:3167: checking for gcc option to accept ISO C89
configure:3241: gcc  -c -g -O2  conftest.c >&5
configure:3247: $? = 0
configure:3270: result: none needed
configure:3290: checking dependency style of gcc
configure:3380: result: none
configure:3410: checking for intltool >= 0.35.0
configure:3417: result: 0.37.0 found
configure:3468: checking for xgettext
configure:3486: found /usr/bin/xgettext
configure:3498: result: /usr/bin/xgettext
configure:3508: checking for msgmerge
configure:3526: found /usr/bin/msgmerge
configure:3538: result: /usr/bin/msgmerge
configure:3548: checking for msgfmt
configure:3566: found /usr/bin/msgfmt
configure:3578: result: /usr/bin/msgfmt
configure:3610: checking for perl
configure:3628: found /usr/bin/perl
configure:3640: result: /usr/bin/perl
configure:3659: checking for XML::Parser
configure:3662: result: ok
configure:3699: gcc -o conftest -g -O2   conftest.c  >&5
configure:3705: $? = 0
configure:3835: checking for python
configure:3853: found /usr/bin/python
configure:3865: result: /usr/bin/python
configure:3888: checking for python version
configure:3895: result: 2.7
configure:3907: checking for python platform
configure:3914: result: linux2
configure:3921: checking for python script directory
configure:3929: result: ${prefix}/lib/python2.7/site-packages
configure:3938: checking for python extension module directory
configure:3946: result: ${exec_prefix}/lib/python2.7/site-packages
configure:3972: checking how to run the C preprocessor
configure:4012: gcc -E  conftest.c
configure:4018: $? = 0
configure:4049: gcc -E  conftest.c
conftest.c:9:28: fatal error: ac_nonexistent.h: No such file or directory
compilation terminated.
configure:4055: $? = 1
configure: failed program was:
| /* confdefs.h.  */
| #define PACKAGE_NAME "apertium-tolk"
| #define PACKAGE_TARNAME "apertium-tolk"
| #define PACKAGE_VERSION "0.2"
| #define PACKAGE_STRING "apertium-tolk 0.2"
| #define PACKAGE_BUGREPORT "wynand.winterbach@gmail.com"
| #define GETTEXT_PACKAGE "apertium-tolk"
| /* end confdefs.h.  */
| #include <ac_nonexistent.h>
configure:4088: result: gcc -E
configure:4117: gcc -E  conftest.c
configure:4123: $? = 0
configure:4154: gcc -E  conftest.c
conftest.c:9:28: fatal error: ac_nonexistent.h: No such file or directory
compilation terminated.
configure:4160: $? = 1
configure: failed program was:
| /* confdefs.h.  */
| #define PACKAGE_NAME "apertium-tolk"
| #define PACKAGE_TARNAME "apertium-tolk"
| #define PACKAGE_VERSION "0.2"
| #define PACKAGE_STRING "apertium-tolk 0.2"
| #define PACKAGE_BUGREPORT "wynand.winterbach@gmail.com"
| #define GETTEXT_PACKAGE "apertium-tolk"
| /* end confdefs.h.  */
| #include <ac_nonexistent.h>
configure:4198: checking for grep that handles long lines and -e
configure:4272: result: /bin/grep
configure:4277: checking for egrep
configure:4355: result: /bin/grep -E
configure:4360: checking for ANSI C header files
configure:4390: gcc -c -g -O2  conftest.c >&5
configure:4396: $? = 0
configure:4495: gcc -o conftest -g -O2   conftest.c  >&5
configure:4498: $? = 0
configure:4504: ./conftest
configure:4507: $? = 0
configure:4524: result: yes
configure:4548: checking for sys/types.h
configure:4569: gcc -c -g -O2  conftest.c >&5
configure:4575: $? = 0
configure:4591: result: yes
configure:4548: checking for sys/stat.h
configure:4569: gcc -c -g -O2  conftest.c >&5
configure:4575: $? = 0
configure:4591: result: yes
configure:4548: checking for stdlib.h
configure:4569: gcc -c -g -O2  conftest.c >&5
configure:4575: $? = 0
configure:4591: result: yes
configure:4548: checking for string.h
configure:4569: gcc -c -g -O2  conftest.c >&5
configure:4575: $? = 0
configure:4591: result: yes
configure:4548: checking for memory.h
configure:4569: gcc -c -g -O2  conftest.c >&5
configure:4575: $? = 0
configure:4591: result: yes
configure:4548: checking for strings.h
configure:4569: gcc -c -g -O2  conftest.c >&5
configure:4575: $? = 0
configure:4591: result: yes
configure:4548: checking for inttypes.h
configure:4569: gcc -c -g -O2  conftest.c >&5
configure:4575: $? = 0
configure:4591: result: yes
configure:4548: checking for stdint.h
configure:4569: gcc -c -g -O2  conftest.c >&5
configure:4575: $? = 0
configure:4591: result: yes
configure:4548: checking for unistd.h
configure:4569: gcc -c -g -O2  conftest.c >&5
configure:4575: $? = 0
configure:4591: result: yes
configure:4609: checking build system type
configure:4627: result: i686-pc-linux-gnu
configure:4649: checking host system type
configure:4664: result: i686-pc-linux-gnu
configure:4702: checking locale.h usability
configure:4719: gcc -c -g -O2  conftest.c >&5
configure:4725: $? = 0
configure:4739: result: yes
configure:4743: checking locale.h presence
configure:4758: gcc -E  conftest.c
configure:4764: $? = 0
configure:4778: result: yes
configure:4811: checking for locale.h
configure:4819: result: yes
configure:4833: checking for LC_MESSAGES
configure:4859: gcc -o conftest -g -O2   conftest.c  >&5
configure:4865: $? = 0
configure:4882: result: yes
configure:4911: checking libintl.h usability
configure:4928: gcc -c -g -O2  conftest.c >&5
configure:4934: $? = 0
configure:4948: result: yes
configure:4952: checking libintl.h presence
configure:4967: gcc -E  conftest.c
configure:4973: $? = 0
configure:4987: result: yes
configure:5020: checking for libintl.h
configure:5027: result: yes
configure:5038: checking for ngettext in libc
configure:5066: gcc -o conftest -g -O2   conftest.c  >&5
configure:5072: $? = 0
configure:5090: result: yes
configure:5094: checking for dgettext in libc
configure:5122: gcc -o conftest -g -O2   conftest.c  >&5
configure:5128: $? = 0
configure:5146: result: yes
configure:5155: checking for bind_textdomain_codeset
configure:5211: gcc -o conftest -g -O2   conftest.c  >&5
configure:5217: $? = 0
configure:5235: result: yes
configure:5722: checking for msgfmt
configure:5749: result: /usr/bin/msgfmt
configure:5762: checking for dcgettext
configure:5818: gcc -o conftest -g -O2   conftest.c   >&5
conftest.c:46:6: warning: conflicting types for built-in function 'dcgettext' [enabled by default]
configure:5824: $? = 0
configure:5842: result: yes
configure:5853: checking if msgfmt accepts -c
configure:5868: $MSGFMT -c -o /dev/null conftest.foo
configure:5871: $? = 0
configure:5873: result: yes
configure:5883: checking for gmsgfmt
configure:5914: result: /usr/bin/msgfmt
configure:5924: checking for xgettext
configure:5951: result: /usr/bin/xgettext
configure:5980: gcc -o conftest -g -O2   conftest.c   >&5
configure:5986: $? = 0
configure:6263: checking for pkg-config
configure:6281: found /usr/bin/pkg-config
configure:6293: result: /usr/bin/pkg-config
configure:6322: checking pkg-config is at least version 0.9.0
configure:6325: result: yes
configure:6336: checking for APERTIUM
configure:6344: $PKG_CONFIG --exists --print-errors "apertium-3.0 >= 3.0.0"
Package apertium-3.0 was not found in the pkg-config search path.
Perhaps you should add the directory containing `apertium-3.0.pc'
to the PKG_CONFIG_PATH environment variable
No package 'apertium-3.0' found
configure:6347: $? = 1
configure:6362: $PKG_CONFIG --exists --print-errors "apertium-3.0 >= 3.0.0"
Package apertium-3.0 was not found in the pkg-config search path.
Perhaps you should add the directory containing `apertium-3.0.pc'
to the PKG_CONFIG_PATH environment variable
No package 'apertium-3.0' found
configure:6365: $? = 1
No package 'apertium-3.0' found
configure:6393: result: no
configure:6395: error: *** unable to locate apertium! Run: apt-get install libapertium3-3.0-0-dev ***

## ---------------- ##
## Cache variables. ##
## ---------------- ##

ac_cv_build=i686-pc-linux-gnu
ac_cv_c_compiler_gnu=yes
ac_cv_env_APERTIUM_CFLAGS_set=
ac_cv_env_APERTIUM_CFLAGS_value=
ac_cv_env_APERTIUM_LIBS_set=
ac_cv_env_APERTIUM_LIBS_value=
ac_cv_env_CC_set=
ac_cv_env_CC_value=
ac_cv_env_CFLAGS_set=
ac_cv_env_CFLAGS_value=
ac_cv_env_CPPFLAGS_set=
ac_cv_env_CPPFLAGS_value=
ac_cv_env_CPP_set=
ac_cv_env_CPP_value=
ac_cv_env_DBUS_CFLAGS_set=
ac_cv_env_DBUS_CFLAGS_value=
ac_cv_env_DBUS_LIBS_set=
ac_cv_env_DBUS_LIBS_value=
ac_cv_env_LDFLAGS_set=
ac_cv_env_LDFLAGS_value=
ac_cv_env_LIBS_set=
ac_cv_env_LIBS_value=
ac_cv_env_PKG_CONFIG_set=
ac_cv_env_PKG_CONFIG_value=
ac_cv_env_PYDBUS_CFLAGS_set=
ac_cv_env_PYDBUS_CFLAGS_value=
ac_cv_env_PYDBUS_LIBS_set=
ac_cv_env_PYDBUS_LIBS_value=
ac_cv_env_PYGTK_CFLAGS_set=
ac_cv_env_PYGTK_CFLAGS_value=
ac_cv_env_PYGTK_LIBS_set=
ac_cv_env_PYGTK_LIBS_value=
ac_cv_env_build_alias_set=
ac_cv_env_build_alias_value=
ac_cv_env_host_alias_set=
ac_cv_env_host_alias_value=
ac_cv_env_target_alias_set=
ac_cv_env_target_alias_value=
ac_cv_func_bind_textdomain_codeset=yes
ac_cv_func_dcgettext=yes
ac_cv_header_inttypes_h=yes
ac_cv_header_libintl_h=yes
ac_cv_header_locale_h=yes
ac_cv_header_memory_h=yes
ac_cv_header_stdc=yes
ac_cv_header_stdint_h=yes
ac_cv_header_stdlib_h=yes
ac_cv_header_string_h=yes
ac_cv_header_strings_h=yes
ac_cv_header_sys_stat_h=yes
ac_cv_header_sys_types_h=yes
ac_cv_header_unistd_h=yes
ac_cv_host=i686-pc-linux-gnu
ac_cv_objext=o
ac_cv_path_EGREP='/bin/grep -E'
ac_cv_path_GMSGFMT=/usr/bin/msgfmt
ac_cv_path_GREP=/bin/grep
ac_cv_path_INTLTOOL_PERL=/usr/bin/perl
ac_cv_path_MSGFMT=/usr/bin/msgfmt
ac_cv_path_MSGMERGE=/usr/bin/msgmerge
ac_cv_path_PYTHON=/usr/bin/python
ac_cv_path_XGETTEXT=/usr/bin/xgettext
ac_cv_path_ac_pt_PKG_CONFIG=/usr/bin/pkg-config
ac_cv_path_install='/usr/bin/install -c'
ac_cv_prog_AWK=gawk
ac_cv_prog_CPP='gcc -E'
ac_cv_prog_ac_ct_CC=gcc
ac_cv_prog_cc_c89=
ac_cv_prog_cc_g=yes
ac_cv_prog_make_make_set=yes
am_cv_CC_dependencies_compiler_type=none
am_cv_python_platform=linux2
am_cv_python_pyexecdir='${exec_prefix}/lib/python2.7/site-packages'
am_cv_python_pythondir='${prefix}/lib/python2.7/site-packages'
am_cv_python_version=2.7
am_cv_val_LC_MESSAGES=yes
gt_cv_func_dgettext_libc=yes
gt_cv_func_dgettext_libintl=no
gt_cv_func_ngettext_libc=yes
gt_cv_have_gettext=yes

## ----------------- ##
## Output variables. ##
## ----------------- ##

ACLOCAL='${SHELL} /home/tachyons/apertium-ui/g/apertium-tolk-0.2/missing --run aclocal-1.9'
ALL_LINGUAS=''
AMDEPBACKSLASH='\'
AMDEP_FALSE='#'
AMDEP_TRUE=''
AMTAR='${SHELL} /home/tachyons/apertium-ui/g/apertium-tolk-0.2/missing --run tar'
APERTIUM_CFLAGS=''
APERTIUM_LIBS=''
AUTOCONF='${SHELL} /home/tachyons/apertium-ui/g/apertium-tolk-0.2/missing --run autoconf'
AUTOHEADER='${SHELL} /home/tachyons/apertium-ui/g/apertium-tolk-0.2/missing --run autoheader'
AUTOMAKE='${SHELL} /home/tachyons/apertium-ui/g/apertium-tolk-0.2/missing --run automake-1.9'
AWK='gawk'
CATALOGS=''
CATOBJEXT='.gmo'
CC='gcc'
CCDEPMODE='depmode=none'
CFLAGS='-g -O2'
CPP='gcc -E'
CPPFLAGS=''
CYGPATH_W='echo'
DATADIRNAME='share'
DBUS_CFLAGS=''
DBUS_LIBS=''
DEFS=''
DEPDIR='.deps'
ECHO_C=''
ECHO_N='-n'
ECHO_T=''
EGREP='/bin/grep -E'
EXEEXT=''
GETTEXT_PACKAGE='apertium-tolk'
GMOFILES=''
GMSGFMT='/usr/bin/msgfmt'
GREP='/bin/grep'
INSTALL_DATA='${INSTALL} -m 644'
INSTALL_PROGRAM='${INSTALL}'
INSTALL_SCRIPT='${INSTALL}'
INSTALL_STRIP_PROGRAM='${SHELL} $(install_sh) -c -s'
INSTOBJEXT='.mo'
INTLLIBS=''
INTLTOOL_CAVES_RULE='%.caves:     %.caves.in     $(INTLTOOL_MERGE) $(wildcard $(top_srcdir)/po/*.po) ; LC_ALL=C $(INTLTOOL_MERGE) -d -u -c $(top_builddir)/po/.intltool-merge-cache $(top_srcdir)/po $< $@'
INTLTOOL_DESKTOP_RULE='%.desktop:   %.desktop.in   $(INTLTOOL_MERGE) $(wildcard $(top_srcdir)/po/*.po) ; LC_ALL=C $(INTLTOOL_MERGE) -d -u -c $(top_builddir)/po/.intltool-merge-cache $(top_srcdir)/po $< $@'
INTLTOOL_DIRECTORY_RULE='%.directory: %.directory.in $(INTLTOOL_MERGE) $(wildcard $(top_srcdir)/po/*.po) ; LC_ALL=C $(INTLTOOL_MERGE) -d -u -c $(top_builddir)/po/.intltool-merge-cache $(top_srcdir)/po $< $@'
INTLTOOL_EXTRACT='$(top_builddir)/intltool-extract'
INTLTOOL_KBD_RULE='%.kbd:       %.kbd.in       $(INTLTOOL_MERGE) $(wildcard $(top_srcdir)/po/*.po) ; LC_ALL=C $(INTLTOOL_MERGE) -x -u -m -c $(top_builddir)/po/.intltool-merge-cache $(top_srcdir)/po $< $@'
INTLTOOL_KEYS_RULE='%.keys:      %.keys.in      $(INTLTOOL_MERGE) $(wildcard $(top_srcdir)/po/*.po) ; LC_ALL=C $(INTLTOOL_MERGE) -k -u -c $(top_builddir)/po/.intltool-merge-cache $(top_srcdir)/po $< $@'
INTLTOOL_MERGE='$(top_builddir)/intltool-merge'
INTLTOOL_OAF_RULE='%.oaf:       %.oaf.in       $(INTLTOOL_MERGE) $(wildcard $(top_srcdir)/po/*.po) ; LC_ALL=C $(INTLTOOL_MERGE) -o -p $(top_srcdir)/po $< $@'
INTLTOOL_PERL='/usr/bin/perl'
INTLTOOL_POLICY_RULE='%.policy:    %.policy.in    $(INTLTOOL_MERGE) $(wildcard $(top_srcdir)/po/*.po) ; LC_ALL=C $(INTLTOOL_MERGE) -x -u -c $(top_builddir)/po/.intltool-merge-cache $(top_srcdir)/po $< $@'
INTLTOOL_PONG_RULE='%.pong:      %.pong.in      $(INTLTOOL_MERGE) $(wildcard $(top_srcdir)/po/*.po) ; LC_ALL=C $(INTLTOOL_MERGE) -x -u -c $(top_builddir)/po/.intltool-merge-cache $(top_srcdir)/po $< $@'
INTLTOOL_PROP_RULE='%.prop:      %.prop.in      $(INTLTOOL_MERGE) $(wildcard $(top_srcdir)/po/*.po) ; LC_ALL=C $(INTLTOOL_MERGE) -d -u -c $(top_builddir)/po/.intltool-merge-cache $(top_srcdir)/po $< $@'
INTLTOOL_SCHEMAS_RULE='%.schemas:   %.schemas.in   $(INTLTOOL_MERGE) $(wildcard $(top_srcdir)/po/*.po) ; LC_ALL=C $(INTLTOOL_MERGE) -s -u -c $(top_builddir)/po/.intltool-merge-cache $(top_srcdir)/po $< $@'
INTLTOOL_SERVER_RULE='%.server:    %.server.in    $(INTLTOOL_MERGE) $(wildcard $(top_srcdir)/po/*.po) ; LC_ALL=C $(INTLTOOL_MERGE) -o -u -c $(top_builddir)/po/.intltool-merge-cache $(top_srcdir)/po $< $@'
INTLTOOL_SERVICE_RULE='%.service: %.service.in   $(INTLTOOL_MERGE) $(wildcard $(top_srcdir)/po/*.po) ; LC_ALL=C $(INTLTOOL_MERGE) -d -u -c $(top_builddir)/po/.intltool-merge-cache $(top_srcdir)/po $< $@'
INTLTOOL_SHEET_RULE='%.sheet:     %.sheet.in     $(INTLTOOL_MERGE) $(wildcard $(top_srcdir)/po/*.po) ; LC_ALL=C $(INTLTOOL_MERGE) -x -u -c $(top_builddir)/po/.intltool-merge-cache $(top_srcdir)/po $< $@'
INTLTOOL_SOUNDLIST_RULE='%.soundlist: %.soundlist.in $(INTLTOOL_MERGE) $(wildcard $(top_srcdir)/po/*.po) ; LC_ALL=C $(INTLTOOL_MERGE) -d -u -c $(top_builddir)/po/.intltool-merge-cache $(top_srcdir)/po $< $@'
INTLTOOL_THEME_RULE='%.theme:     %.theme.in     $(INTLTOOL_MERGE) $(wildcard $(top_srcdir)/po/*.po) ; LC_ALL=C $(INTLTOOL_MERGE) -d -u -c $(top_builddir)/po/.intltool-merge-cache $(top_srcdir)/po $< $@'
INTLTOOL_UI_RULE='%.ui:        %.ui.in        $(INTLTOOL_MERGE) $(wildcard $(top_srcdir)/po/*.po) ; LC_ALL=C $(INTLTOOL_MERGE) -x -u -c $(top_builddir)/po/.intltool-merge-cache $(top_srcdir)/po $< $@'
INTLTOOL_UPDATE='$(top_builddir)/intltool-update'
INTLTOOL_XAM_RULE='%.xam:       %.xml.in       $(INTLTOOL_MERGE) $(wildcard $(top_srcdir)/po/*.po) ; LC_ALL=C $(INTLTOOL_MERGE) -x -u -c $(top_builddir)/po/.intltool-merge-cache $(top_srcdir)/po $< $@'
INTLTOOL_XML_NOMERGE_RULE='%.xml:       %.xml.in       $(INTLTOOL_MERGE) ; LC_ALL=C $(INTLTOOL_MERGE) -x -u /tmp $< $@'
INTLTOOL_XML_RULE='%.xml:       %.xml.in       $(INTLTOOL_MERGE) $(wildcard $(top_srcdir)/po/*.po) ; LC_ALL=C $(INTLTOOL_MERGE) -x -u -c $(top_builddir)/po/.intltool-merge-cache $(top_srcdir)/po $< $@'
LDFLAGS=''
LIBOBJS=''
LIBS=''
LTLIBOBJS=''
MAINT='#'
MAINTAINER_MODE_FALSE=''
MAINTAINER_MODE_TRUE='#'
MAKEINFO='${SHELL} /home/tachyons/apertium-ui/g/apertium-tolk-0.2/missing --run makeinfo'
MKINSTALLDIRS='./mkinstalldirs'
MSGFMT='/usr/bin/msgfmt'
MSGFMT_OPTS='-c'
MSGMERGE='/usr/bin/msgmerge'
OBJEXT='o'
PACKAGE='apertium-tolk'
PACKAGE_BUGREPORT='wynand.winterbach@gmail.com'
PACKAGE_NAME='apertium-tolk'
PACKAGE_STRING='apertium-tolk 0.2'
PACKAGE_TARNAME='apertium-tolk'
PACKAGE_VERSION='0.2'
PATH_SEPARATOR=':'
PKG_CONFIG='/usr/bin/pkg-config'
POFILES=''
POSUB='po'
PO_IN_DATADIR_FALSE=''
PO_IN_DATADIR_TRUE=''
PYDBUS_CFLAGS=''
PYDBUS_LIBS=''
PYGTK_CFLAGS=''
PYGTK_LIBS=''
PYTHON='/usr/bin/python'
PYTHON_EXEC_PREFIX='${exec_prefix}'
PYTHON_PLATFORM='linux2'
PYTHON_PREFIX='${prefix}'
PYTHON_VERSION='2.7'
SET_MAKE=''
SHELL='/bin/bash'
STRIP=''
USE_NLS='yes'
VERSION='0.2'
XGETTEXT='/usr/bin/xgettext'
ac_ct_CC='gcc'
am__fastdepCC_FALSE=''
am__fastdepCC_TRUE='#'
am__include='include'
am__leading_dot='.'
am__quote=''
am__tar='${AMTAR} chof - "$$tardir"'
am__untar='${AMTAR} xf -'
bindir='${exec_prefix}/bin'
build='i686-pc-linux-gnu'
build_alias=''
build_cpu='i686'
build_os='linux-gnu'
build_vendor='pc'
datadir='${datarootdir}'
datarootdir='${prefix}/share'
docdir='${datarootdir}/doc/${PACKAGE_TARNAME}'
dvidir='${docdir}'
exec_prefix='NONE'
host='i686-pc-linux-gnu'
host_alias=''
host_cpu='i686'
host_os='linux-gnu'
host_vendor='pc'
htmldir='${docdir}'
includedir='${prefix}/include'
infodir='${datarootdir}/info'
install_sh='/home/tachyons/apertium-ui/g/apertium-tolk-0.2/install-sh'
libdir='${exec_prefix}/lib'
libexecdir='${exec_prefix}/libexec'
localedir='${datarootdir}/locale'
localstatedir='${prefix}/var'
mandir='${datarootdir}/man'
mkdir_p='mkdir -p --'
oldincludedir='/usr/include'
pdfdir='${docdir}'
pkgpyexecdir='${pyexecdir}/apertium-tolk'
pkgpythondir='${pythondir}/apertium-tolk'
prefix='NONE'
program_transform_name='s,x,x,'
psdir='${docdir}'
pyexecdir='${exec_prefix}/lib/python2.7/site-packages'
pythondir='${prefix}/lib/python2.7/site-packages'
sbindir='${exec_prefix}/sbin'
sharedstatedir='${prefix}/com'
sysconfdir='${prefix}/etc'
target_alias=''

## ----------- ##
## confdefs.h. ##
## ----------- ##

#define PACKAGE_NAME "apertium-tolk"
#define PACKAGE_TARNAME "apertium-tolk"
#define PACKAGE_VERSION "0.2"
#define PACKAGE_STRING "apertium-tolk 0.2"
#define PACKAGE_BUGREPORT "wynand.winterbach@gmail.com"
#define GETTEXT_PACKAGE "apertium-tolk"
#define STDC_HEADERS 1
#define HAVE_SYS_TYPES_H 1
#define HAVE_SYS_STAT_H 1
#define HAVE_STDLIB_H 1
#define HAVE_STRING_H 1
#define HAVE_MEMORY_H 1
#define HAVE_STRINGS_H 1
#define HAVE_INTTYPES_H 1
#define HAVE_STDINT_H 1
#define HAVE_UNISTD_H 1
#define HAVE_LOCALE_H 1
#define HAVE_LC_MESSAGES 1
#define HAVE_BIND_TEXTDOMAIN_CODESET 1
#define HAVE_GETTEXT 1
#define HAVE_DCGETTEXT 1
#define ENABLE_NLS 1

configure: exit 1
